<?xml version="1.0" encoding="UTF-8"?>
<!-- Generated by org.testng.reporters.JUnitReportReporter -->
<testsuite skipped="0" hostname="IBM-Testing01" name="Sing_up_Valid" tests="1" failures="0" timestamp="27 Dec 2019 10:15:32 GMT" time="17.981" errors="0">
  <testcase name="f" time="17.981" classname="Sing_up_Valid"/>
</testsuite> <!-- Sing_up_Valid -->
