<?xml version="1.0" encoding="UTF-8"?>
<!-- Generated by org.testng.reporters.JUnitReportReporter -->
<testsuite skipped="0" hostname="IBM-Testing01" name="Sign_up" tests="1" failures="0" timestamp="27 Dec 2019 10:04:30 GMT" time="20.137" errors="0">
  <testcase name="f" time="20.137" classname="Sign_up"/>
</testsuite> <!-- Sign_up -->
